<?xml version='1.0'?>
<ns2:test-suite xmlns:ns2='urn:model.allure.qatools.yandex.ru' start='1629452127448' stop='1629452155995'>
    <name>My Login application</name>
    <title>My Login application</title>
    <test-cases>
        <test-case start='1629452127450' status='passed' stop='1629452155986'>
            <name>Regression Testcases - Special offer </name>
            <title>Regression Testcases - Special offer </title>
            <labels>
                <label name='language' value='javascript'/>
                <label name='framework' value='wdio'/>
                <label name='thread' value='0-0'/>
            </labels>
            <parameters>
                <parameter kind='argument' name='browser' value='chrome-92.0.4515.131'/>
            </parameters>
            <steps/>
            <attachments/>
        </test-case>
        <test-case start='1629452155993' status='pending' stop='1629452155993'>
            <name>Regression Testcases - Add two producnt in cart</name>
            <title>Regression Testcases - Add two producnt in cart</title>
            <labels/>
            <parameters/>
            <steps/>
            <attachments/>
            <failure>
                <message>Test ignored</message>
                <stack-trace>undefined</stack-trace>
            </failure>
        </test-case>
        <test-case start='1629452155993' status='pending' stop='1629452155993'>
            <name>Regression Testcases -Flow from login to Payment</name>
            <title>Regression Testcases -Flow from login to Payment</title>
            <labels/>
            <parameters/>
            <steps/>
            <attachments/>
            <failure>
                <message>Test ignored</message>
                <stack-trace>undefined</stack-trace>
            </failure>
        </test-case>
    </test-cases>
</ns2:test-suite>